<?xml version="1.0" encoding="UTF-8"?>
<!-- Generated by org.testng.reporters.JUnitXMLReporter -->
<testsuite hostname="A2ML16237" name="Test" tests="4" failures="1" timestamp="17 Aug 2017 12:19:17 GMT" time="10.703" errors="0">
  <testcase name="testDisplayLoginPage" time="0.487" classname="com.dotnetscripts.DisplayLoginPage"/>
  <testcase name="testDisplayRegisterPage" time="0.452" classname="com.dotnetscripts.DisplayRegisterPage"/>
  <testcase name="testDisplayContactPage" time="0.365" classname="com.dotnetscripts.DisplayContactPage"/>
  <testcase name="testDisplayAboutPage" time="2.401" classname="com.dotnetscripts.DisplayAboutPage">
    <failure type="java.lang.NullPointerException">
      <![CDATA[java.lang.NullPointerException
	at com.dotnetscripts.DisplayAboutPage.testDisplayAboutPage(DisplayAboutPage.java:24)
	at com.dotnetscripts.CallTestNG.main(CallTestNG.java:17)
... Removed 22 stack frames]]>
    </failure>
  </testcase> <!-- testDisplayAboutPage -->
</testsuite> <!-- Test -->
