<?xml version="1.0" encoding="UTF-8"?>
<!-- Generated by org.testng.reporters.JUnitXMLReporter -->
<testsuite ignored="44" hostname="A2ML29097" failures="10" tests="12" name="Test" time="11.24" errors="0" timestamp="22 Nov 2018 12:01:06 GMT">
  <testcase classname="com.dotnetscripts.DisplayLoginPage" name="testDisplayLoginPage" time="0.31"/>
  <testcase classname="com.dotnetscripts.DisplayRegisterPage" name="testDisplayRegisterPage" time="5.19"/>
  <testcase classname="com.dotnetscripts.DisplayContactPage" name="testDisplayContactPage" time="0.048">
    <failure type="java.lang.NullPointerException">
      <![CDATA[java.lang.NullPointerException
at com.dotnetscripts.DisplayContactPage.testDisplayContactPage(DisplayContactPage.java:17)
at com.dotnetscripts.CallTestNG.main(CallTestNG.java:17)
... Removed 22 stack frames]]>
    </failure>
  </testcase> <!-- testDisplayContactPage -->
  <testcase classname="com.dotnetscripts.DisplayAboutPage" name="testDisplayAboutPage" time="0.015">
    <failure type="org.openqa.selenium.NoSuchWindowException" message="no such window: target window already closed
from unknown error: web view not found
  (Session info: chrome=70.0.3538.77)
  (Driver info: chromedriver=2.37.544315 (730aa6a5fdba159ac9f4c1e8cbc59bf1b5ce12b7),platform=Windows NT 10.0.16299 x86_64) (WARNING: The server did not provide any stacktrace information)
Command duration or timeout: 15 milliseconds
Build info: version: &amp;apos;2.53.1&amp;apos;, revision: &amp;apos;a36b8b1&amp;apos;, time: &amp;apos;2016-06-30 17:37:03&amp;apos;
System info: host: &amp;apos;A2ML29097&amp;apos;, ip: &amp;apos;10.52.12.36&amp;apos;, os.name: &amp;apos;Windows 10&amp;apos;, os.arch: &amp;apos;amd64&amp;apos;, os.version: &amp;apos;10.0&amp;apos;, java.version: &amp;apos;10.0.2&amp;apos;
Driver info: org.openqa.selenium.chrome.ChromeDriver
Capabilities [{applicationCacheEnabled=false, rotatable=false, mobileEmulationEnabled=false, networkConnectionEnabled=false, chrome={chromedriverVersion=2.37.544315 (730aa6a5fdba159ac9f4c1e8cbc59bf1b5ce12b7), userDataDir=C:\Users\M1048771\AppData\Local\Temp\scoped_dir18676_31766}, takesHeapSnapshot=true, pageLoadStrategy=normal, databaseEnabled=false, handlesAlerts=true, hasTouchScreen=false, version=70.0.3538.77, platform=XP, browserConnectionEnabled=false, nativeEvents=true, acceptSslCerts=false, acceptInsecureCerts=false, locationContextEnabled=true, webStorageEnabled=true, browserName=chrome, takesScreenshot=true, javascriptEnabled=true, cssSelectorsEnabled=true, setWindowRect=true, unexpectedAlertBehaviour=}]
Session ID: bf547ea8485a21bfab5bcaa63c6fb760
*** Element info: {Using=link text, value=About}">
      <![CDATA[org.openqa.selenium.NoSuchWindowException: no such window: target window already closed
from unknown error: web view not found
  (Session info: chrome=70.0.3538.77)
  (Driver info: chromedriver=2.37.544315 (730aa6a5fdba159ac9f4c1e8cbc59bf1b5ce12b7),platform=Windows NT 10.0.16299 x86_64) (WARNING: The server did not provide any stacktrace information)
Command duration or timeout: 15 milliseconds
Build info: version: '2.53.1', revision: 'a36b8b1', time: '2016-06-30 17:37:03'
System info: host: 'A2ML29097', ip: '10.52.12.36', os.name: 'Windows 10', os.arch: 'amd64', os.version: '10.0', java.version: '10.0.2'
Driver info: org.openqa.selenium.chrome.ChromeDriver
Capabilities [{applicationCacheEnabled=false, rotatable=false, mobileEmulationEnabled=false, networkConnectionEnabled=false, chrome={chromedriverVersion=2.37.544315 (730aa6a5fdba159ac9f4c1e8cbc59bf1b5ce12b7), userDataDir=C:\Users\M1048771\AppData\Local\Temp\scoped_dir18676_31766}, takesHeapSnapshot=true, pageLoadStrategy=normal, databaseEnabled=false, handlesAlerts=true, hasTouchScreen=false, version=70.0.3538.77, platform=XP, browserConnectionEnabled=false, nativeEvents=true, acceptSslCerts=false, acceptInsecureCerts=false, locationContextEnabled=true, webStorageEnabled=true, browserName=chrome, takesScreenshot=true, javascriptEnabled=true, cssSelectorsEnabled=true, setWindowRect=true, unexpectedAlertBehaviour=}]
Session ID: bf547ea8485a21bfab5bcaa63c6fb760
*** Element info: {Using=link text, value=About}
at org.openqa.selenium.remote.ErrorHandler.createThrowable(ErrorHandler.java:206)
at org.openqa.selenium.remote.ErrorHandler.throwIfResponseFailed(ErrorHandler.java:158)
at org.openqa.selenium.remote.RemoteWebDriver.execute(RemoteWebDriver.java:678)
at org.openqa.selenium.remote.RemoteWebDriver.findElement(RemoteWebDriver.java:363)
at org.openqa.selenium.remote.RemoteWebDriver.findElementByLinkText(RemoteWebDriver.java:428)
at org.openqa.selenium.By$ByLinkText.findElement(By.java:246)
at org.openqa.selenium.remote.RemoteWebDriver.findElement(RemoteWebDriver.java:355)
at com.dotnetscripts.DisplayAboutPage.testDisplayAboutPage(DisplayAboutPage.java:21)
at com.dotnetscripts.CallTestNG.main(CallTestNG.java:17)
... Removed 26 stack frames]]>
    </failure>
  </testcase> <!-- testDisplayAboutPage -->
  <testcase classname="com.dotnetscripts.DisplayLoginPage1" name="testDisplayLoginPage" time="0.016">
    <failure type="org.openqa.selenium.NoSuchWindowException" message="no such window: target window already closed
from unknown error: web view not found
  (Session info: chrome=70.0.3538.77)
  (Driver info: chromedriver=2.37.544315 (730aa6a5fdba159ac9f4c1e8cbc59bf1b5ce12b7),platform=Windows NT 10.0.16299 x86_64) (WARNING: The server did not provide any stacktrace information)
Command duration or timeout: 16 milliseconds
Build info: version: &amp;apos;2.53.1&amp;apos;, revision: &amp;apos;a36b8b1&amp;apos;, time: &amp;apos;2016-06-30 17:37:03&amp;apos;
System info: host: &amp;apos;A2ML29097&amp;apos;, ip: &amp;apos;10.52.12.36&amp;apos;, os.name: &amp;apos;Windows 10&amp;apos;, os.arch: &amp;apos;amd64&amp;apos;, os.version: &amp;apos;10.0&amp;apos;, java.version: &amp;apos;10.0.2&amp;apos;
Driver info: org.openqa.selenium.chrome.ChromeDriver
Capabilities [{applicationCacheEnabled=false, rotatable=false, mobileEmulationEnabled=false, networkConnectionEnabled=false, chrome={chromedriverVersion=2.37.544315 (730aa6a5fdba159ac9f4c1e8cbc59bf1b5ce12b7), userDataDir=C:\Users\M1048771\AppData\Local\Temp\scoped_dir18676_31766}, takesHeapSnapshot=true, pageLoadStrategy=normal, databaseEnabled=false, handlesAlerts=true, hasTouchScreen=false, version=70.0.3538.77, platform=XP, browserConnectionEnabled=false, nativeEvents=true, acceptSslCerts=false, acceptInsecureCerts=false, locationContextEnabled=true, webStorageEnabled=true, browserName=chrome, takesScreenshot=true, javascriptEnabled=true, cssSelectorsEnabled=true, setWindowRect=true, unexpectedAlertBehaviour=}]
Session ID: bf547ea8485a21bfab5bcaa63c6fb760
*** Element info: {Using=link text, value=Log in}">
      <![CDATA[org.openqa.selenium.NoSuchWindowException: no such window: target window already closed
from unknown error: web view not found
  (Session info: chrome=70.0.3538.77)
  (Driver info: chromedriver=2.37.544315 (730aa6a5fdba159ac9f4c1e8cbc59bf1b5ce12b7),platform=Windows NT 10.0.16299 x86_64) (WARNING: The server did not provide any stacktrace information)
Command duration or timeout: 16 milliseconds
Build info: version: '2.53.1', revision: 'a36b8b1', time: '2016-06-30 17:37:03'
System info: host: 'A2ML29097', ip: '10.52.12.36', os.name: 'Windows 10', os.arch: 'amd64', os.version: '10.0', java.version: '10.0.2'
Driver info: org.openqa.selenium.chrome.ChromeDriver
Capabilities [{applicationCacheEnabled=false, rotatable=false, mobileEmulationEnabled=false, networkConnectionEnabled=false, chrome={chromedriverVersion=2.37.544315 (730aa6a5fdba159ac9f4c1e8cbc59bf1b5ce12b7), userDataDir=C:\Users\M1048771\AppData\Local\Temp\scoped_dir18676_31766}, takesHeapSnapshot=true, pageLoadStrategy=normal, databaseEnabled=false, handlesAlerts=true, hasTouchScreen=false, version=70.0.3538.77, platform=XP, browserConnectionEnabled=false, nativeEvents=true, acceptSslCerts=false, acceptInsecureCerts=false, locationContextEnabled=true, webStorageEnabled=true, browserName=chrome, takesScreenshot=true, javascriptEnabled=true, cssSelectorsEnabled=true, setWindowRect=true, unexpectedAlertBehaviour=}]
Session ID: bf547ea8485a21bfab5bcaa63c6fb760
*** Element info: {Using=link text, value=Log in}
at org.openqa.selenium.remote.ErrorHandler.createThrowable(ErrorHandler.java:206)
at org.openqa.selenium.remote.ErrorHandler.throwIfResponseFailed(ErrorHandler.java:158)
at org.openqa.selenium.remote.RemoteWebDriver.execute(RemoteWebDriver.java:678)
at org.openqa.selenium.remote.RemoteWebDriver.findElement(RemoteWebDriver.java:363)
at org.openqa.selenium.remote.RemoteWebDriver.findElementByLinkText(RemoteWebDriver.java:428)
at org.openqa.selenium.By$ByLinkText.findElement(By.java:246)
at org.openqa.selenium.remote.RemoteWebDriver.findElement(RemoteWebDriver.java:355)
at com.dotnetscripts.DisplayLoginPage1.testDisplayLoginPage(DisplayLoginPage1.java:21)
at com.dotnetscripts.CallTestNG.main(CallTestNG.java:17)
... Removed 26 stack frames]]>
    </failure>
  </testcase> <!-- testDisplayLoginPage -->
  <testcase classname="com.dotnetscripts.DisplayRegisterPage1" name="testDisplayRegisterPage" time="0.015">
    <failure type="org.openqa.selenium.NoSuchWindowException" message="no such window: target window already closed
from unknown error: web view not found
  (Session info: chrome=70.0.3538.77)
  (Driver info: chromedriver=2.37.544315 (730aa6a5fdba159ac9f4c1e8cbc59bf1b5ce12b7),platform=Windows NT 10.0.16299 x86_64) (WARNING: The server did not provide any stacktrace information)
Command duration or timeout: 15 milliseconds
Build info: version: &amp;apos;2.53.1&amp;apos;, revision: &amp;apos;a36b8b1&amp;apos;, time: &amp;apos;2016-06-30 17:37:03&amp;apos;
System info: host: &amp;apos;A2ML29097&amp;apos;, ip: &amp;apos;10.52.12.36&amp;apos;, os.name: &amp;apos;Windows 10&amp;apos;, os.arch: &amp;apos;amd64&amp;apos;, os.version: &amp;apos;10.0&amp;apos;, java.version: &amp;apos;10.0.2&amp;apos;
Driver info: org.openqa.selenium.chrome.ChromeDriver
Capabilities [{applicationCacheEnabled=false, rotatable=false, mobileEmulationEnabled=false, networkConnectionEnabled=false, chrome={chromedriverVersion=2.37.544315 (730aa6a5fdba159ac9f4c1e8cbc59bf1b5ce12b7), userDataDir=C:\Users\M1048771\AppData\Local\Temp\scoped_dir18676_31766}, takesHeapSnapshot=true, pageLoadStrategy=normal, databaseEnabled=false, handlesAlerts=true, hasTouchScreen=false, version=70.0.3538.77, platform=XP, browserConnectionEnabled=false, nativeEvents=true, acceptSslCerts=false, acceptInsecureCerts=false, locationContextEnabled=true, webStorageEnabled=true, browserName=chrome, takesScreenshot=true, javascriptEnabled=true, cssSelectorsEnabled=true, setWindowRect=true, unexpectedAlertBehaviour=}]
Session ID: bf547ea8485a21bfab5bcaa63c6fb760
*** Element info: {Using=link text, value=Register}">
      <![CDATA[org.openqa.selenium.NoSuchWindowException: no such window: target window already closed
from unknown error: web view not found
  (Session info: chrome=70.0.3538.77)
  (Driver info: chromedriver=2.37.544315 (730aa6a5fdba159ac9f4c1e8cbc59bf1b5ce12b7),platform=Windows NT 10.0.16299 x86_64) (WARNING: The server did not provide any stacktrace information)
Command duration or timeout: 15 milliseconds
Build info: version: '2.53.1', revision: 'a36b8b1', time: '2016-06-30 17:37:03'
System info: host: 'A2ML29097', ip: '10.52.12.36', os.name: 'Windows 10', os.arch: 'amd64', os.version: '10.0', java.version: '10.0.2'
Driver info: org.openqa.selenium.chrome.ChromeDriver
Capabilities [{applicationCacheEnabled=false, rotatable=false, mobileEmulationEnabled=false, networkConnectionEnabled=false, chrome={chromedriverVersion=2.37.544315 (730aa6a5fdba159ac9f4c1e8cbc59bf1b5ce12b7), userDataDir=C:\Users\M1048771\AppData\Local\Temp\scoped_dir18676_31766}, takesHeapSnapshot=true, pageLoadStrategy=normal, databaseEnabled=false, handlesAlerts=true, hasTouchScreen=false, version=70.0.3538.77, platform=XP, browserConnectionEnabled=false, nativeEvents=true, acceptSslCerts=false, acceptInsecureCerts=false, locationContextEnabled=true, webStorageEnabled=true, browserName=chrome, takesScreenshot=true, javascriptEnabled=true, cssSelectorsEnabled=true, setWindowRect=true, unexpectedAlertBehaviour=}]
Session ID: bf547ea8485a21bfab5bcaa63c6fb760
*** Element info: {Using=link text, value=Register}
at org.openqa.selenium.remote.ErrorHandler.createThrowable(ErrorHandler.java:206)
at org.openqa.selenium.remote.ErrorHandler.throwIfResponseFailed(ErrorHandler.java:158)
at org.openqa.selenium.remote.RemoteWebDriver.execute(RemoteWebDriver.java:678)
at org.openqa.selenium.remote.RemoteWebDriver.findElement(RemoteWebDriver.java:363)
at org.openqa.selenium.remote.RemoteWebDriver.findElementByLinkText(RemoteWebDriver.java:428)
at org.openqa.selenium.By$ByLinkText.findElement(By.java:246)
at org.openqa.selenium.remote.RemoteWebDriver.findElement(RemoteWebDriver.java:355)
at com.dotnetscripts.DisplayRegisterPage1.testDisplayRegisterPage(DisplayRegisterPage1.java:21)
at com.dotnetscripts.CallTestNG.main(CallTestNG.java:17)
... Removed 26 stack frames]]>
    </failure>
  </testcase> <!-- testDisplayRegisterPage -->
  <testcase classname="com.dotnetscripts.DisplayContactPage1" name="testDisplayContactPage1" time="0.016">
    <failure type="org.openqa.selenium.NoSuchWindowException" message="no such window: target window already closed
from unknown error: web view not found
  (Session info: chrome=70.0.3538.77)
  (Driver info: chromedriver=2.37.544315 (730aa6a5fdba159ac9f4c1e8cbc59bf1b5ce12b7),platform=Windows NT 10.0.16299 x86_64) (WARNING: The server did not provide any stacktrace information)
Command duration or timeout: 16 milliseconds
Build info: version: &amp;apos;2.53.1&amp;apos;, revision: &amp;apos;a36b8b1&amp;apos;, time: &amp;apos;2016-06-30 17:37:03&amp;apos;
System info: host: &amp;apos;A2ML29097&amp;apos;, ip: &amp;apos;10.52.12.36&amp;apos;, os.name: &amp;apos;Windows 10&amp;apos;, os.arch: &amp;apos;amd64&amp;apos;, os.version: &amp;apos;10.0&amp;apos;, java.version: &amp;apos;10.0.2&amp;apos;
Driver info: org.openqa.selenium.chrome.ChromeDriver
Capabilities [{applicationCacheEnabled=false, rotatable=false, mobileEmulationEnabled=false, networkConnectionEnabled=false, chrome={chromedriverVersion=2.37.544315 (730aa6a5fdba159ac9f4c1e8cbc59bf1b5ce12b7), userDataDir=C:\Users\M1048771\AppData\Local\Temp\scoped_dir18676_31766}, takesHeapSnapshot=true, pageLoadStrategy=normal, databaseEnabled=false, handlesAlerts=true, hasTouchScreen=false, version=70.0.3538.77, platform=XP, browserConnectionEnabled=false, nativeEvents=true, acceptSslCerts=false, acceptInsecureCerts=false, locationContextEnabled=true, webStorageEnabled=true, browserName=chrome, takesScreenshot=true, javascriptEnabled=true, cssSelectorsEnabled=true, setWindowRect=true, unexpectedAlertBehaviour=}]
Session ID: bf547ea8485a21bfab5bcaa63c6fb760
*** Element info: {Using=link text, value=Contact}">
      <![CDATA[org.openqa.selenium.NoSuchWindowException: no such window: target window already closed
from unknown error: web view not found
  (Session info: chrome=70.0.3538.77)
  (Driver info: chromedriver=2.37.544315 (730aa6a5fdba159ac9f4c1e8cbc59bf1b5ce12b7),platform=Windows NT 10.0.16299 x86_64) (WARNING: The server did not provide any stacktrace information)
Command duration or timeout: 16 milliseconds
Build info: version: '2.53.1', revision: 'a36b8b1', time: '2016-06-30 17:37:03'
System info: host: 'A2ML29097', ip: '10.52.12.36', os.name: 'Windows 10', os.arch: 'amd64', os.version: '10.0', java.version: '10.0.2'
Driver info: org.openqa.selenium.chrome.ChromeDriver
Capabilities [{applicationCacheEnabled=false, rotatable=false, mobileEmulationEnabled=false, networkConnectionEnabled=false, chrome={chromedriverVersion=2.37.544315 (730aa6a5fdba159ac9f4c1e8cbc59bf1b5ce12b7), userDataDir=C:\Users\M1048771\AppData\Local\Temp\scoped_dir18676_31766}, takesHeapSnapshot=true, pageLoadStrategy=normal, databaseEnabled=false, handlesAlerts=true, hasTouchScreen=false, version=70.0.3538.77, platform=XP, browserConnectionEnabled=false, nativeEvents=true, acceptSslCerts=false, acceptInsecureCerts=false, locationContextEnabled=true, webStorageEnabled=true, browserName=chrome, takesScreenshot=true, javascriptEnabled=true, cssSelectorsEnabled=true, setWindowRect=true, unexpectedAlertBehaviour=}]
Session ID: bf547ea8485a21bfab5bcaa63c6fb760
*** Element info: {Using=link text, value=Contact}
at org.openqa.selenium.remote.ErrorHandler.createThrowable(ErrorHandler.java:206)
at org.openqa.selenium.remote.ErrorHandler.throwIfResponseFailed(ErrorHandler.java:158)
at org.openqa.selenium.remote.RemoteWebDriver.execute(RemoteWebDriver.java:678)
at org.openqa.selenium.remote.RemoteWebDriver.findElement(RemoteWebDriver.java:363)
at org.openqa.selenium.remote.RemoteWebDriver.findElementByLinkText(RemoteWebDriver.java:428)
at org.openqa.selenium.By$ByLinkText.findElement(By.java:246)
at org.openqa.selenium.remote.RemoteWebDriver.findElement(RemoteWebDriver.java:355)
at com.dotnetscripts.DisplayContactPage1.testDisplayContactPage1(DisplayContactPage1.java:17)
at com.dotnetscripts.CallTestNG.main(CallTestNG.java:17)
... Removed 26 stack frames]]>
    </failure>
  </testcase> <!-- testDisplayContactPage1 -->
  <testcase classname="com.dotnetscripts.DisplayAboutPage1" name="testDisplayAboutPage" time="0.016">
    <failure type="org.openqa.selenium.NoSuchWindowException" message="no such window: target window already closed
from unknown error: web view not found
  (Session info: chrome=70.0.3538.77)
  (Driver info: chromedriver=2.37.544315 (730aa6a5fdba159ac9f4c1e8cbc59bf1b5ce12b7),platform=Windows NT 10.0.16299 x86_64) (WARNING: The server did not provide any stacktrace information)
Command duration or timeout: 16 milliseconds
Build info: version: &amp;apos;2.53.1&amp;apos;, revision: &amp;apos;a36b8b1&amp;apos;, time: &amp;apos;2016-06-30 17:37:03&amp;apos;
System info: host: &amp;apos;A2ML29097&amp;apos;, ip: &amp;apos;10.52.12.36&amp;apos;, os.name: &amp;apos;Windows 10&amp;apos;, os.arch: &amp;apos;amd64&amp;apos;, os.version: &amp;apos;10.0&amp;apos;, java.version: &amp;apos;10.0.2&amp;apos;
Driver info: org.openqa.selenium.chrome.ChromeDriver
Capabilities [{applicationCacheEnabled=false, rotatable=false, mobileEmulationEnabled=false, networkConnectionEnabled=false, chrome={chromedriverVersion=2.37.544315 (730aa6a5fdba159ac9f4c1e8cbc59bf1b5ce12b7), userDataDir=C:\Users\M1048771\AppData\Local\Temp\scoped_dir18676_31766}, takesHeapSnapshot=true, pageLoadStrategy=normal, databaseEnabled=false, handlesAlerts=true, hasTouchScreen=false, version=70.0.3538.77, platform=XP, browserConnectionEnabled=false, nativeEvents=true, acceptSslCerts=false, acceptInsecureCerts=false, locationContextEnabled=true, webStorageEnabled=true, browserName=chrome, takesScreenshot=true, javascriptEnabled=true, cssSelectorsEnabled=true, setWindowRect=true, unexpectedAlertBehaviour=}]
Session ID: bf547ea8485a21bfab5bcaa63c6fb760
*** Element info: {Using=link text, value=About}">
      <![CDATA[org.openqa.selenium.NoSuchWindowException: no such window: target window already closed
from unknown error: web view not found
  (Session info: chrome=70.0.3538.77)
  (Driver info: chromedriver=2.37.544315 (730aa6a5fdba159ac9f4c1e8cbc59bf1b5ce12b7),platform=Windows NT 10.0.16299 x86_64) (WARNING: The server did not provide any stacktrace information)
Command duration or timeout: 16 milliseconds
Build info: version: '2.53.1', revision: 'a36b8b1', time: '2016-06-30 17:37:03'
System info: host: 'A2ML29097', ip: '10.52.12.36', os.name: 'Windows 10', os.arch: 'amd64', os.version: '10.0', java.version: '10.0.2'
Driver info: org.openqa.selenium.chrome.ChromeDriver
Capabilities [{applicationCacheEnabled=false, rotatable=false, mobileEmulationEnabled=false, networkConnectionEnabled=false, chrome={chromedriverVersion=2.37.544315 (730aa6a5fdba159ac9f4c1e8cbc59bf1b5ce12b7), userDataDir=C:\Users\M1048771\AppData\Local\Temp\scoped_dir18676_31766}, takesHeapSnapshot=true, pageLoadStrategy=normal, databaseEnabled=false, handlesAlerts=true, hasTouchScreen=false, version=70.0.3538.77, platform=XP, browserConnectionEnabled=false, nativeEvents=true, acceptSslCerts=false, acceptInsecureCerts=false, locationContextEnabled=true, webStorageEnabled=true, browserName=chrome, takesScreenshot=true, javascriptEnabled=true, cssSelectorsEnabled=true, setWindowRect=true, unexpectedAlertBehaviour=}]
Session ID: bf547ea8485a21bfab5bcaa63c6fb760
*** Element info: {Using=link text, value=About}
at org.openqa.selenium.remote.ErrorHandler.createThrowable(ErrorHandler.java:206)
at org.openqa.selenium.remote.ErrorHandler.throwIfResponseFailed(ErrorHandler.java:158)
at org.openqa.selenium.remote.RemoteWebDriver.execute(RemoteWebDriver.java:678)
at org.openqa.selenium.remote.RemoteWebDriver.findElement(RemoteWebDriver.java:363)
at org.openqa.selenium.remote.RemoteWebDriver.findElementByLinkText(RemoteWebDriver.java:428)
at org.openqa.selenium.By$ByLinkText.findElement(By.java:246)
at org.openqa.selenium.remote.RemoteWebDriver.findElement(RemoteWebDriver.java:355)
at com.dotnetscripts.DisplayAboutPage1.testDisplayAboutPage(DisplayAboutPage1.java:21)
at com.dotnetscripts.CallTestNG.main(CallTestNG.java:17)
... Removed 26 stack frames]]>
    </failure>
  </testcase> <!-- testDisplayAboutPage -->
  <testcase classname="com.dotnetscripts.DisplayLoginPage2" name="testDisplayLoginPage" time="0.015">
    <failure type="org.openqa.selenium.NoSuchWindowException" message="no such window: target window already closed
from unknown error: web view not found
  (Session info: chrome=70.0.3538.77)
  (Driver info: chromedriver=2.37.544315 (730aa6a5fdba159ac9f4c1e8cbc59bf1b5ce12b7),platform=Windows NT 10.0.16299 x86_64) (WARNING: The server did not provide any stacktrace information)
Command duration or timeout: 15 milliseconds
Build info: version: &amp;apos;2.53.1&amp;apos;, revision: &amp;apos;a36b8b1&amp;apos;, time: &amp;apos;2016-06-30 17:37:03&amp;apos;
System info: host: &amp;apos;A2ML29097&amp;apos;, ip: &amp;apos;10.52.12.36&amp;apos;, os.name: &amp;apos;Windows 10&amp;apos;, os.arch: &amp;apos;amd64&amp;apos;, os.version: &amp;apos;10.0&amp;apos;, java.version: &amp;apos;10.0.2&amp;apos;
Driver info: org.openqa.selenium.chrome.ChromeDriver
Capabilities [{applicationCacheEnabled=false, rotatable=false, mobileEmulationEnabled=false, networkConnectionEnabled=false, chrome={chromedriverVersion=2.37.544315 (730aa6a5fdba159ac9f4c1e8cbc59bf1b5ce12b7), userDataDir=C:\Users\M1048771\AppData\Local\Temp\scoped_dir18676_31766}, takesHeapSnapshot=true, pageLoadStrategy=normal, databaseEnabled=false, handlesAlerts=true, hasTouchScreen=false, version=70.0.3538.77, platform=XP, browserConnectionEnabled=false, nativeEvents=true, acceptSslCerts=false, acceptInsecureCerts=false, locationContextEnabled=true, webStorageEnabled=true, browserName=chrome, takesScreenshot=true, javascriptEnabled=true, cssSelectorsEnabled=true, setWindowRect=true, unexpectedAlertBehaviour=}]
Session ID: bf547ea8485a21bfab5bcaa63c6fb760
*** Element info: {Using=link text, value=Log in}">
      <![CDATA[org.openqa.selenium.NoSuchWindowException: no such window: target window already closed
from unknown error: web view not found
  (Session info: chrome=70.0.3538.77)
  (Driver info: chromedriver=2.37.544315 (730aa6a5fdba159ac9f4c1e8cbc59bf1b5ce12b7),platform=Windows NT 10.0.16299 x86_64) (WARNING: The server did not provide any stacktrace information)
Command duration or timeout: 15 milliseconds
Build info: version: '2.53.1', revision: 'a36b8b1', time: '2016-06-30 17:37:03'
System info: host: 'A2ML29097', ip: '10.52.12.36', os.name: 'Windows 10', os.arch: 'amd64', os.version: '10.0', java.version: '10.0.2'
Driver info: org.openqa.selenium.chrome.ChromeDriver
Capabilities [{applicationCacheEnabled=false, rotatable=false, mobileEmulationEnabled=false, networkConnectionEnabled=false, chrome={chromedriverVersion=2.37.544315 (730aa6a5fdba159ac9f4c1e8cbc59bf1b5ce12b7), userDataDir=C:\Users\M1048771\AppData\Local\Temp\scoped_dir18676_31766}, takesHeapSnapshot=true, pageLoadStrategy=normal, databaseEnabled=false, handlesAlerts=true, hasTouchScreen=false, version=70.0.3538.77, platform=XP, browserConnectionEnabled=false, nativeEvents=true, acceptSslCerts=false, acceptInsecureCerts=false, locationContextEnabled=true, webStorageEnabled=true, browserName=chrome, takesScreenshot=true, javascriptEnabled=true, cssSelectorsEnabled=true, setWindowRect=true, unexpectedAlertBehaviour=}]
Session ID: bf547ea8485a21bfab5bcaa63c6fb760
*** Element info: {Using=link text, value=Log in}
at org.openqa.selenium.remote.ErrorHandler.createThrowable(ErrorHandler.java:206)
at org.openqa.selenium.remote.ErrorHandler.throwIfResponseFailed(ErrorHandler.java:158)
at org.openqa.selenium.remote.RemoteWebDriver.execute(RemoteWebDriver.java:678)
at org.openqa.selenium.remote.RemoteWebDriver.findElement(RemoteWebDriver.java:363)
at org.openqa.selenium.remote.RemoteWebDriver.findElementByLinkText(RemoteWebDriver.java:428)
at org.openqa.selenium.By$ByLinkText.findElement(By.java:246)
at org.openqa.selenium.remote.RemoteWebDriver.findElement(RemoteWebDriver.java:355)
at com.dotnetscripts.DisplayLoginPage2.testDisplayLoginPage(DisplayLoginPage2.java:21)
at com.dotnetscripts.CallTestNG.main(CallTestNG.java:17)
... Removed 26 stack frames]]>
    </failure>
  </testcase> <!-- testDisplayLoginPage -->
  <testcase classname="com.dotnetscripts.DisplayRegisterPage2" name="testDisplayRegisterPage" time="0.016">
    <failure type="org.openqa.selenium.NoSuchWindowException" message="no such window: target window already closed
from unknown error: web view not found
  (Session info: chrome=70.0.3538.77)
  (Driver info: chromedriver=2.37.544315 (730aa6a5fdba159ac9f4c1e8cbc59bf1b5ce12b7),platform=Windows NT 10.0.16299 x86_64) (WARNING: The server did not provide any stacktrace information)
Command duration or timeout: 16 milliseconds
Build info: version: &amp;apos;2.53.1&amp;apos;, revision: &amp;apos;a36b8b1&amp;apos;, time: &amp;apos;2016-06-30 17:37:03&amp;apos;
System info: host: &amp;apos;A2ML29097&amp;apos;, ip: &amp;apos;10.52.12.36&amp;apos;, os.name: &amp;apos;Windows 10&amp;apos;, os.arch: &amp;apos;amd64&amp;apos;, os.version: &amp;apos;10.0&amp;apos;, java.version: &amp;apos;10.0.2&amp;apos;
Driver info: org.openqa.selenium.chrome.ChromeDriver
Capabilities [{applicationCacheEnabled=false, rotatable=false, mobileEmulationEnabled=false, networkConnectionEnabled=false, chrome={chromedriverVersion=2.37.544315 (730aa6a5fdba159ac9f4c1e8cbc59bf1b5ce12b7), userDataDir=C:\Users\M1048771\AppData\Local\Temp\scoped_dir18676_31766}, takesHeapSnapshot=true, pageLoadStrategy=normal, databaseEnabled=false, handlesAlerts=true, hasTouchScreen=false, version=70.0.3538.77, platform=XP, browserConnectionEnabled=false, nativeEvents=true, acceptSslCerts=false, acceptInsecureCerts=false, locationContextEnabled=true, webStorageEnabled=true, browserName=chrome, takesScreenshot=true, javascriptEnabled=true, cssSelectorsEnabled=true, setWindowRect=true, unexpectedAlertBehaviour=}]
Session ID: bf547ea8485a21bfab5bcaa63c6fb760
*** Element info: {Using=link text, value=Register}">
      <![CDATA[org.openqa.selenium.NoSuchWindowException: no such window: target window already closed
from unknown error: web view not found
  (Session info: chrome=70.0.3538.77)
  (Driver info: chromedriver=2.37.544315 (730aa6a5fdba159ac9f4c1e8cbc59bf1b5ce12b7),platform=Windows NT 10.0.16299 x86_64) (WARNING: The server did not provide any stacktrace information)
Command duration or timeout: 16 milliseconds
Build info: version: '2.53.1', revision: 'a36b8b1', time: '2016-06-30 17:37:03'
System info: host: 'A2ML29097', ip: '10.52.12.36', os.name: 'Windows 10', os.arch: 'amd64', os.version: '10.0', java.version: '10.0.2'
Driver info: org.openqa.selenium.chrome.ChromeDriver
Capabilities [{applicationCacheEnabled=false, rotatable=false, mobileEmulationEnabled=false, networkConnectionEnabled=false, chrome={chromedriverVersion=2.37.544315 (730aa6a5fdba159ac9f4c1e8cbc59bf1b5ce12b7), userDataDir=C:\Users\M1048771\AppData\Local\Temp\scoped_dir18676_31766}, takesHeapSnapshot=true, pageLoadStrategy=normal, databaseEnabled=false, handlesAlerts=true, hasTouchScreen=false, version=70.0.3538.77, platform=XP, browserConnectionEnabled=false, nativeEvents=true, acceptSslCerts=false, acceptInsecureCerts=false, locationContextEnabled=true, webStorageEnabled=true, browserName=chrome, takesScreenshot=true, javascriptEnabled=true, cssSelectorsEnabled=true, setWindowRect=true, unexpectedAlertBehaviour=}]
Session ID: bf547ea8485a21bfab5bcaa63c6fb760
*** Element info: {Using=link text, value=Register}
at org.openqa.selenium.remote.ErrorHandler.createThrowable(ErrorHandler.java:206)
at org.openqa.selenium.remote.ErrorHandler.throwIfResponseFailed(ErrorHandler.java:158)
at org.openqa.selenium.remote.RemoteWebDriver.execute(RemoteWebDriver.java:678)
at org.openqa.selenium.remote.RemoteWebDriver.findElement(RemoteWebDriver.java:363)
at org.openqa.selenium.remote.RemoteWebDriver.findElementByLinkText(RemoteWebDriver.java:428)
at org.openqa.selenium.By$ByLinkText.findElement(By.java:246)
at org.openqa.selenium.remote.RemoteWebDriver.findElement(RemoteWebDriver.java:355)
at com.dotnetscripts.DisplayRegisterPage2.testDisplayRegisterPage(DisplayRegisterPage2.java:21)
at com.dotnetscripts.CallTestNG.main(CallTestNG.java:17)
... Removed 26 stack frames]]>
    </failure>
  </testcase> <!-- testDisplayRegisterPage -->
  <testcase classname="com.dotnetscripts.DisplayContactPage2" name="testDisplayContactPage1" time="0.016">
    <failure type="org.openqa.selenium.NoSuchWindowException" message="no such window: target window already closed
from unknown error: web view not found
  (Session info: chrome=70.0.3538.77)
  (Driver info: chromedriver=2.37.544315 (730aa6a5fdba159ac9f4c1e8cbc59bf1b5ce12b7),platform=Windows NT 10.0.16299 x86_64) (WARNING: The server did not provide any stacktrace information)
Command duration or timeout: 16 milliseconds
Build info: version: &amp;apos;2.53.1&amp;apos;, revision: &amp;apos;a36b8b1&amp;apos;, time: &amp;apos;2016-06-30 17:37:03&amp;apos;
System info: host: &amp;apos;A2ML29097&amp;apos;, ip: &amp;apos;10.52.12.36&amp;apos;, os.name: &amp;apos;Windows 10&amp;apos;, os.arch: &amp;apos;amd64&amp;apos;, os.version: &amp;apos;10.0&amp;apos;, java.version: &amp;apos;10.0.2&amp;apos;
Driver info: org.openqa.selenium.chrome.ChromeDriver
Capabilities [{applicationCacheEnabled=false, rotatable=false, mobileEmulationEnabled=false, networkConnectionEnabled=false, chrome={chromedriverVersion=2.37.544315 (730aa6a5fdba159ac9f4c1e8cbc59bf1b5ce12b7), userDataDir=C:\Users\M1048771\AppData\Local\Temp\scoped_dir18676_31766}, takesHeapSnapshot=true, pageLoadStrategy=normal, databaseEnabled=false, handlesAlerts=true, hasTouchScreen=false, version=70.0.3538.77, platform=XP, browserConnectionEnabled=false, nativeEvents=true, acceptSslCerts=false, acceptInsecureCerts=false, locationContextEnabled=true, webStorageEnabled=true, browserName=chrome, takesScreenshot=true, javascriptEnabled=true, cssSelectorsEnabled=true, setWindowRect=true, unexpectedAlertBehaviour=}]
Session ID: bf547ea8485a21bfab5bcaa63c6fb760
*** Element info: {Using=link text, value=Contact}">
      <![CDATA[org.openqa.selenium.NoSuchWindowException: no such window: target window already closed
from unknown error: web view not found
  (Session info: chrome=70.0.3538.77)
  (Driver info: chromedriver=2.37.544315 (730aa6a5fdba159ac9f4c1e8cbc59bf1b5ce12b7),platform=Windows NT 10.0.16299 x86_64) (WARNING: The server did not provide any stacktrace information)
Command duration or timeout: 16 milliseconds
Build info: version: '2.53.1', revision: 'a36b8b1', time: '2016-06-30 17:37:03'
System info: host: 'A2ML29097', ip: '10.52.12.36', os.name: 'Windows 10', os.arch: 'amd64', os.version: '10.0', java.version: '10.0.2'
Driver info: org.openqa.selenium.chrome.ChromeDriver
Capabilities [{applicationCacheEnabled=false, rotatable=false, mobileEmulationEnabled=false, networkConnectionEnabled=false, chrome={chromedriverVersion=2.37.544315 (730aa6a5fdba159ac9f4c1e8cbc59bf1b5ce12b7), userDataDir=C:\Users\M1048771\AppData\Local\Temp\scoped_dir18676_31766}, takesHeapSnapshot=true, pageLoadStrategy=normal, databaseEnabled=false, handlesAlerts=true, hasTouchScreen=false, version=70.0.3538.77, platform=XP, browserConnectionEnabled=false, nativeEvents=true, acceptSslCerts=false, acceptInsecureCerts=false, locationContextEnabled=true, webStorageEnabled=true, browserName=chrome, takesScreenshot=true, javascriptEnabled=true, cssSelectorsEnabled=true, setWindowRect=true, unexpectedAlertBehaviour=}]
Session ID: bf547ea8485a21bfab5bcaa63c6fb760
*** Element info: {Using=link text, value=Contact}
at org.openqa.selenium.remote.ErrorHandler.createThrowable(ErrorHandler.java:206)
at org.openqa.selenium.remote.ErrorHandler.throwIfResponseFailed(ErrorHandler.java:158)
at org.openqa.selenium.remote.RemoteWebDriver.execute(RemoteWebDriver.java:678)
at org.openqa.selenium.remote.RemoteWebDriver.findElement(RemoteWebDriver.java:363)
at org.openqa.selenium.remote.RemoteWebDriver.findElementByLinkText(RemoteWebDriver.java:428)
at org.openqa.selenium.By$ByLinkText.findElement(By.java:246)
at org.openqa.selenium.remote.RemoteWebDriver.findElement(RemoteWebDriver.java:355)
at com.dotnetscripts.DisplayContactPage2.testDisplayContactPage1(DisplayContactPage2.java:17)
at com.dotnetscripts.CallTestNG.main(CallTestNG.java:17)
... Removed 26 stack frames]]>
    </failure>
  </testcase> <!-- testDisplayContactPage1 -->
  <testcase classname="com.dotnetscripts.DisplayAboutPage2" name="testDisplayAboutPage" time="0.015">
    <failure type="org.openqa.selenium.NoSuchWindowException" message="no such window: target window already closed
from unknown error: web view not found
  (Session info: chrome=70.0.3538.77)
  (Driver info: chromedriver=2.37.544315 (730aa6a5fdba159ac9f4c1e8cbc59bf1b5ce12b7),platform=Windows NT 10.0.16299 x86_64) (WARNING: The server did not provide any stacktrace information)
Command duration or timeout: 15 milliseconds
Build info: version: &amp;apos;2.53.1&amp;apos;, revision: &amp;apos;a36b8b1&amp;apos;, time: &amp;apos;2016-06-30 17:37:03&amp;apos;
System info: host: &amp;apos;A2ML29097&amp;apos;, ip: &amp;apos;10.52.12.36&amp;apos;, os.name: &amp;apos;Windows 10&amp;apos;, os.arch: &amp;apos;amd64&amp;apos;, os.version: &amp;apos;10.0&amp;apos;, java.version: &amp;apos;10.0.2&amp;apos;
Driver info: org.openqa.selenium.chrome.ChromeDriver
Capabilities [{applicationCacheEnabled=false, rotatable=false, mobileEmulationEnabled=false, networkConnectionEnabled=false, chrome={chromedriverVersion=2.37.544315 (730aa6a5fdba159ac9f4c1e8cbc59bf1b5ce12b7), userDataDir=C:\Users\M1048771\AppData\Local\Temp\scoped_dir18676_31766}, takesHeapSnapshot=true, pageLoadStrategy=normal, databaseEnabled=false, handlesAlerts=true, hasTouchScreen=false, version=70.0.3538.77, platform=XP, browserConnectionEnabled=false, nativeEvents=true, acceptSslCerts=false, acceptInsecureCerts=false, locationContextEnabled=true, webStorageEnabled=true, browserName=chrome, takesScreenshot=true, javascriptEnabled=true, cssSelectorsEnabled=true, setWindowRect=true, unexpectedAlertBehaviour=}]
Session ID: bf547ea8485a21bfab5bcaa63c6fb760
*** Element info: {Using=link text, value=About}">
      <![CDATA[org.openqa.selenium.NoSuchWindowException: no such window: target window already closed
from unknown error: web view not found
  (Session info: chrome=70.0.3538.77)
  (Driver info: chromedriver=2.37.544315 (730aa6a5fdba159ac9f4c1e8cbc59bf1b5ce12b7),platform=Windows NT 10.0.16299 x86_64) (WARNING: The server did not provide any stacktrace information)
Command duration or timeout: 15 milliseconds
Build info: version: '2.53.1', revision: 'a36b8b1', time: '2016-06-30 17:37:03'
System info: host: 'A2ML29097', ip: '10.52.12.36', os.name: 'Windows 10', os.arch: 'amd64', os.version: '10.0', java.version: '10.0.2'
Driver info: org.openqa.selenium.chrome.ChromeDriver
Capabilities [{applicationCacheEnabled=false, rotatable=false, mobileEmulationEnabled=false, networkConnectionEnabled=false, chrome={chromedriverVersion=2.37.544315 (730aa6a5fdba159ac9f4c1e8cbc59bf1b5ce12b7), userDataDir=C:\Users\M1048771\AppData\Local\Temp\scoped_dir18676_31766}, takesHeapSnapshot=true, pageLoadStrategy=normal, databaseEnabled=false, handlesAlerts=true, hasTouchScreen=false, version=70.0.3538.77, platform=XP, browserConnectionEnabled=false, nativeEvents=true, acceptSslCerts=false, acceptInsecureCerts=false, locationContextEnabled=true, webStorageEnabled=true, browserName=chrome, takesScreenshot=true, javascriptEnabled=true, cssSelectorsEnabled=true, setWindowRect=true, unexpectedAlertBehaviour=}]
Session ID: bf547ea8485a21bfab5bcaa63c6fb760
*** Element info: {Using=link text, value=About}
at org.openqa.selenium.remote.ErrorHandler.createThrowable(ErrorHandler.java:206)
at org.openqa.selenium.remote.ErrorHandler.throwIfResponseFailed(ErrorHandler.java:158)
at org.openqa.selenium.remote.RemoteWebDriver.execute(RemoteWebDriver.java:678)
at org.openqa.selenium.remote.RemoteWebDriver.findElement(RemoteWebDriver.java:363)
at org.openqa.selenium.remote.RemoteWebDriver.findElementByLinkText(RemoteWebDriver.java:428)
at org.openqa.selenium.By$ByLinkText.findElement(By.java:246)
at org.openqa.selenium.remote.RemoteWebDriver.findElement(RemoteWebDriver.java:355)
at com.dotnetscripts.DisplayAboutPage2.testDisplayAboutPage(DisplayAboutPage2.java:21)
at com.dotnetscripts.CallTestNG.main(CallTestNG.java:17)
... Removed 26 stack frames]]>
    </failure>
  </testcase> <!-- testDisplayAboutPage -->
  <testcase classname="com.canvashomepage.scripts.BaseTest" name="@AfterTest closeExcel" time="0.0">
    <ignored/>
  </testcase> <!-- @AfterTest closeExcel -->
  <testcase classname="com.canvashomepage.scripts.BaseTest" name="@AfterTest closeExcel" time="0.0">
    <ignored/>
  </testcase> <!-- @AfterTest closeExcel -->
  <testcase classname="com.canvashomepage.scripts.BaseTest" name="@AfterTest closeExcel" time="0.0">
    <ignored/>
  </testcase> <!-- @AfterTest closeExcel -->
  <testcase classname="com.canvashomepage.scripts.BaseTest" name="@AfterTest closeExcel" time="0.0">
    <ignored/>
  </testcase> <!-- @AfterTest closeExcel -->
  <testcase classname="com.canvashomepage.scripts.BaseTest" name="@AfterTest closeExcel" time="0.0">
    <ignored/>
  </testcase> <!-- @AfterTest closeExcel -->
  <testcase classname="com.canvashomepage.scripts.BaseTest" name="@AfterTest closeExcel" time="0.0">
    <ignored/>
  </testcase> <!-- @AfterTest closeExcel -->
  <testcase classname="com.canvashomepage.scripts.BaseTest" name="@AfterTest closeExcel" time="0.0">
    <ignored/>
  </testcase> <!-- @AfterTest closeExcel -->
  <testcase classname="com.canvashomepage.scripts.BaseTest" name="@AfterTest closeExcel" time="0.0">
    <ignored/>
  </testcase> <!-- @AfterTest closeExcel -->
  <testcase classname="com.canvashomepage.scripts.BaseTest" name="@AfterTest closeExcel" time="0.0">
    <ignored/>
  </testcase> <!-- @AfterTest closeExcel -->
  <testcase classname="com.canvashomepage.scripts.BaseTest" name="@AfterTest closeExcel" time="0.0">
    <ignored/>
  </testcase> <!-- @AfterTest closeExcel -->
  <testcase classname="com.canvashomepage.scripts.BaseTest" name="@AfterTest closeExcel" time="0.0">
    <ignored/>
  </testcase> <!-- @AfterTest closeExcel -->
  <testcase classname="com.canvashomepage.scripts.BaseTest" name="@BeforeTest openExcel" time="0.0">
    <ignored/>
  </testcase> <!-- @BeforeTest openExcel -->
  <testcase classname="com.canvashomepage.scripts.BaseTest" name="@BeforeTest openExcel" time="0.0">
    <ignored/>
  </testcase> <!-- @BeforeTest openExcel -->
  <testcase classname="com.canvashomepage.scripts.BaseTest" name="@BeforeTest openExcel" time="0.0">
    <ignored/>
  </testcase> <!-- @BeforeTest openExcel -->
  <testcase classname="com.canvashomepage.scripts.BaseTest" name="@BeforeTest openExcel" time="0.0">
    <ignored/>
  </testcase> <!-- @BeforeTest openExcel -->
  <testcase classname="com.canvashomepage.scripts.BaseTest" name="@BeforeTest openExcel" time="0.0">
    <ignored/>
  </testcase> <!-- @BeforeTest openExcel -->
  <testcase classname="com.canvashomepage.scripts.BaseTest" name="@BeforeTest openExcel" time="0.0">
    <ignored/>
  </testcase> <!-- @BeforeTest openExcel -->
  <testcase classname="com.canvashomepage.scripts.BaseTest" name="@BeforeTest openExcel" time="0.0">
    <ignored/>
  </testcase> <!-- @BeforeTest openExcel -->
  <testcase classname="com.canvashomepage.scripts.BaseTest" name="@BeforeTest openExcel" time="0.0">
    <ignored/>
  </testcase> <!-- @BeforeTest openExcel -->
  <testcase classname="com.canvashomepage.scripts.BaseTest" name="@BeforeTest openExcel" time="0.0">
    <ignored/>
  </testcase> <!-- @BeforeTest openExcel -->
  <testcase classname="com.canvashomepage.scripts.BaseTest" name="@BeforeTest openExcel" time="0.0">
    <ignored/>
  </testcase> <!-- @BeforeTest openExcel -->
  <testcase classname="com.canvashomepage.scripts.BaseTest" name="@BeforeTest openExcel" time="0.0">
    <ignored/>
  </testcase> <!-- @BeforeTest openExcel -->
  <testcase classname="com.canvashomepage.scripts.BaseTest" name="@BeforeTest preCondition" time="0.0">
    <ignored/>
  </testcase> <!-- @BeforeTest preCondition -->
  <testcase classname="com.canvashomepage.scripts.BaseTest" name="@BeforeTest preCondition" time="0.0">
    <ignored/>
  </testcase> <!-- @BeforeTest preCondition -->
  <testcase classname="com.canvashomepage.scripts.BaseTest" name="@BeforeTest preCondition" time="0.0">
    <ignored/>
  </testcase> <!-- @BeforeTest preCondition -->
  <testcase classname="com.canvashomepage.scripts.BaseTest" name="@BeforeTest preCondition" time="0.0">
    <ignored/>
  </testcase> <!-- @BeforeTest preCondition -->
  <testcase classname="com.canvashomepage.scripts.BaseTest" name="@BeforeTest preCondition" time="0.0">
    <ignored/>
  </testcase> <!-- @BeforeTest preCondition -->
  <testcase classname="com.canvashomepage.scripts.BaseTest" name="@BeforeTest preCondition" time="0.0">
    <ignored/>
  </testcase> <!-- @BeforeTest preCondition -->
  <testcase classname="com.canvashomepage.scripts.BaseTest" name="@BeforeTest preCondition" time="0.0">
    <ignored/>
  </testcase> <!-- @BeforeTest preCondition -->
  <testcase classname="com.canvashomepage.scripts.BaseTest" name="@BeforeTest preCondition" time="0.0">
    <ignored/>
  </testcase> <!-- @BeforeTest preCondition -->
  <testcase classname="com.canvashomepage.scripts.BaseTest" name="@BeforeTest preCondition" time="0.0">
    <ignored/>
  </testcase> <!-- @BeforeTest preCondition -->
  <testcase classname="com.canvashomepage.scripts.BaseTest" name="@AfterTest postCondition" time="0.0">
    <ignored/>
  </testcase> <!-- @AfterTest postCondition -->
  <testcase classname="com.canvashomepage.scripts.BaseTest" name="@AfterTest postCondition" time="0.0">
    <ignored/>
  </testcase> <!-- @AfterTest postCondition -->
  <testcase classname="com.canvashomepage.scripts.BaseTest" name="@AfterTest postCondition" time="0.0">
    <ignored/>
  </testcase> <!-- @AfterTest postCondition -->
  <testcase classname="com.canvashomepage.scripts.BaseTest" name="@AfterTest postCondition" time="0.0">
    <ignored/>
  </testcase> <!-- @AfterTest postCondition -->
  <testcase classname="com.canvashomepage.scripts.BaseTest" name="@AfterTest postCondition" time="0.0">
    <ignored/>
  </testcase> <!-- @AfterTest postCondition -->
  <testcase classname="com.canvashomepage.scripts.BaseTest" name="@AfterTest postCondition" time="0.0">
    <ignored/>
  </testcase> <!-- @AfterTest postCondition -->
  <testcase classname="com.canvashomepage.scripts.BaseTest" name="@AfterTest postCondition" time="0.0">
    <ignored/>
  </testcase> <!-- @AfterTest postCondition -->
  <testcase classname="com.canvashomepage.scripts.BaseTest" name="@AfterTest postCondition" time="0.0">
    <ignored/>
  </testcase> <!-- @AfterTest postCondition -->
  <testcase classname="com.canvashomepage.scripts.BaseTest" name="@AfterTest postCondition" time="0.0">
    <ignored/>
  </testcase> <!-- @AfterTest postCondition -->
  <testcase classname="com.canvashomepage.scripts.BaseTest" name="@AfterTest postCondition" time="0.0">
    <ignored/>
  </testcase> <!-- @AfterTest postCondition -->
  <testcase classname="com.canvashomepage.scripts.BaseTest" name="@AfterTest postCondition" time="0.0">
    <ignored/>
  </testcase> <!-- @AfterTest postCondition -->
  <testcase classname="com.canvashomepage.scripts.BaseTest" name="@BeforeTest preCondition" time="0.0">
    <ignored/>
  </testcase> <!-- @BeforeTest preCondition -->
  <testcase classname="com.canvashomepage.scripts.BaseTest" name="@BeforeTest preCondition" time="0.0">
    <ignored/>
  </testcase> <!-- @BeforeTest preCondition -->
</testsuite> <!-- Test -->
